Using pre-set license
Built from '2020.3/staging' branch; Version is '2020.3.19f1 (68f137dc9bbe) revision 6877495'; Using compiler version '192528614'; Build Type 'Release'
OS: 'Windows 10 Home; OS build 19043.1288; Version 2009; 64bit' Language: 'zh' Physical Memory: 8090 MB
BatchMode: 1, IsHumanControllingUs: 0, StartBugReporterOnCrash: 0, Is64bit: 1, IsPro: 0

COMMAND LINE ARGUMENTS:
D:\Unity\2020.3.19f1\Editor\Unity.exe
-adb2
-batchMode
-noUpm
-name
AssetImportWorker6
-projectPath
D:/Github/sss/class
-logFile
Logs/AssetImportWorker6.log
-srvPort
13172
Successfully changed project path to: D:/Github/sss/class
D:/Github/sss/class
Using Asset Import Pipeline V2.
Refreshing native plugins compatible for Editor in 108.09 ms, found 3 plugins.
Preloading 0 native plugins for Editor in 0.00 ms.
Initialize engine version: 2020.3.19f1 (68f137dc9bbe)
[Subsystems] Discovering subsystems at path D:/Unity/2020.3.19f1/Editor/Data/Resources/UnitySubsystems
[Subsystems] Discovering subsystems at path D:/Github/sss/class/Assets
GfxDevice: creating device client; threaded=0
Direct3D:
    Version:  Direct3D 11.0 [level 11.0]
    Renderer: NVIDIA GeForce GTX 960M (ID=0x139b)
    Vendor:   
    VRAM:     2010 MB
    Driver:   30.0.14.7111
Initialize mono
Mono path[0] = 'D:/Unity/2020.3.19f1/Editor/Data/Managed'
Mono path[1] = 'D:/Unity/2020.3.19f1/Editor/Data/MonoBleedingEdge/lib/mono/unityjit'
Mono config path = 'D:/Unity/2020.3.19f1/Editor/Data/MonoBleedingEdge/etc'
Using monoOptions --debugger-agent=transport=dt_socket,embedding=1,server=y,suspend=n,address=127.0.0.1:56264
Begin MonoManager ReloadAssembly
Registering precompiled unity dll's ...
Register platform support module: D:/Unity/2020.3.19f1/Editor/Data/PlaybackEngines/WebGLSupport/UnityEditor.WebGL.Extensions.dll
Register platform support module: D:/Unity/2020.3.19f1/Editor/Data/PlaybackEngines/WindowsStandaloneSupport/UnityEditor.WindowsStandalone.Extensions.dll
Registered in 0.014035 seconds.
Native extension for WindowsStandalone target not found
Native extension for WebGL target not found
Refreshing native plugins compatible for Editor in 134.99 ms, found 3 plugins.
Preloading 0 native plugins for Editor in 0.00 ms.
Mono: successfully reloaded assembly
- Completed reload, in  4.759 seconds
Domain Reload Profiling:
	ReloadAssembly (4760ms)
		BeginReloadAssembly (126ms)
			ExecutionOrderSort (0ms)
			DisableScriptedObjects (0ms)
			BackupInstance (0ms)
			ReleaseScriptingObjects (0ms)
			CreateAndSetChildDomain (2ms)
		EndReloadAssembly (791ms)
			LoadAssemblies (116ms)
			RebuildTransferFunctionScriptingTraits (0ms)
			SetupTypeCache (234ms)
			ReleaseScriptCaches (0ms)
			RebuildScriptCaches (38ms)
			SetupLoadedEditorAssemblies (399ms)
				LogAssemblyErrors (0ms)
				InitializePlatformSupportModulesInManaged (12ms)
				SetLoadedEditorAssemblies (0ms)
				RefreshPlugins (135ms)
				BeforeProcessingInitializeOnLoad (41ms)
				ProcessInitializeOnLoadAttributes (162ms)
				ProcessInitializeOnLoadMethodAttributes (48ms)
				AfterProcessingInitializeOnLoad (0ms)
				EditorAssembliesLoaded (0ms)
			ExecutionOrderSort2 (0ms)
			AwakeInstancesAfterBackupRestoration (0ms)
Platform modules already initialized, skipping
Registering precompiled user dll's ...
Registered in 0.016429 seconds.
Begin MonoManager ReloadAssembly
Native extension for WindowsStandalone target not found
Native extension for WebGL target not found
Refreshing native plugins compatible for Editor in 160.82 ms, found 3 plugins.
Preloading 0 native plugins for Editor in 0.00 ms.
Mono: successfully reloaded assembly
- Completed reload, in  4.989 seconds
Domain Reload Profiling:
	ReloadAssembly (5009ms)
		BeginReloadAssembly (268ms)
			ExecutionOrderSort (0ms)
			DisableScriptedObjects (6ms)
			BackupInstance (0ms)
			ReleaseScriptingObjects (0ms)
			CreateAndSetChildDomain (27ms)
		EndReloadAssembly (4606ms)
			LoadAssemblies (1490ms)
			RebuildTransferFunctionScriptingTraits (0ms)
			SetupTypeCache (1227ms)
			ReleaseScriptCaches (1ms)
			RebuildScriptCaches (90ms)
			SetupLoadedEditorAssemblies (1557ms)
				LogAssemblyErrors (0ms)
				InitializePlatformSupportModulesInManaged (17ms)
				SetLoadedEditorAssemblies (1ms)
				RefreshPlugins (161ms)
				BeforeProcessingInitializeOnLoad (335ms)
				ProcessInitializeOnLoadAttributes (936ms)
				ProcessInitializeOnLoadMethodAttributes (78ms)
				AfterProcessingInitializeOnLoad (28ms)
				EditorAssembliesLoaded (1ms)
			ExecutionOrderSort2 (0ms)
			AwakeInstancesAfterBackupRestoration (11ms)
Platform modules already initialized, skipping
========================================================================
Worker process is ready to serve import requests
Launched and connected shader compiler UnityShaderCompiler.exe after 0.16 seconds
Refreshing native plugins compatible for Editor in 1.46 ms, found 3 plugins.
Preloading 0 native plugins for Editor in 0.00 ms.
Unloading 2564 Unused Serialized files (Serialized files now loaded: 0)
System memory in use before: 119.0 MB.
System memory in use after: 119.2 MB.

Unloading 26 unused Assets to reduce memory usage. Loaded Objects now: 3008.
Total: 6.097700 ms (FindLiveObjects: 0.618500 ms CreateObjectMapping: 0.366400 ms MarkObjects: 5.038400 ms  DeleteObjects: 0.072500 ms)

AssetImportParameters requested are different than current active one (requested -> active):
  custom:framework-win-MediaFoundation: 216162199b28c13a410421893ffa2e32 -> 
  custom:video-decoder-ogg-theora: a1e56fd34408186e4bbccfd4996cb3dc -> 
  custom:container-muxer-webm: aa71ff27fc2769a1b78a27578f13a17b -> 
  custom:container-demuxer-webm: 4f35f7cbe854078d1ac9338744f61a02 -> 
  custom:container-demuxer-ogg: 62fdf1f143b41e24485cea50d1cbac27 -> 
  custom:video-encoder-webm-vp8: eb34c28f22e8b96e1ab97ce403110664 -> 
  custom:video-codec-MediaFoundation-h265: 746d11721c4dcdbdad8f713fa42b33f4 -> 
  custom:video-decoder-webm-vp8: 9c59270c3fd7afecdb556c50c9e8de78 -> 
  custom:audio-decoder-ogg-vorbis: bf7c407c2cedff20999df2af8eb42d56 -> 
  custom:audio-encoder-webm-vorbis: bf7c407c2cedff20999df2af8eb42d56 -> 
========================================================================
Received Import Request.
  path: Assets/調色盤/HangingPlants1_7.asset
  artifactKey: Guid(161e68b10a49f64429f147a92b16cca6) Importer(815301076,1909f56bfc062723c751e8b465ee728b)
Start importing Assets/調色盤/HangingPlants1_7.asset using Guid(161e68b10a49f64429f147a92b16cca6) Importer(815301076,1909f56bfc062723c751e8b465ee728b)  -> (artifact id: 'b88615556de6ac068bb0f1019520d9de') in 0.376220 seconds 
  Import took 0.390279 seconds .

========================================================================
Received Import Request.
  Time since last request: 0.000535 seconds.
  path: Assets/調色盤/LowerPlants3_25.asset
  artifactKey: Guid(580a67bdc55d55c4696572e4b4d86dff) Importer(815301076,1909f56bfc062723c751e8b465ee728b)
Start importing Assets/調色盤/LowerPlants3_25.asset using Guid(580a67bdc55d55c4696572e4b4d86dff) Importer(815301076,1909f56bfc062723c751e8b465ee728b)  -> (artifact id: 'db6764f1cf846ebf06d2f69ad29d50cd') in 0.048529 seconds 
  Import took 0.058494 seconds .

========================================================================
Received Import Request.
  Time since last request: 0.000783 seconds.
  path: Assets/調色盤/HangingPlants1_9.asset
  artifactKey: Guid(d6cd82ffe121c4649869a56c48705da3) Importer(815301076,1909f56bfc062723c751e8b465ee728b)
Start importing Assets/調色盤/HangingPlants1_9.asset using Guid(d6cd82ffe121c4649869a56c48705da3) Importer(815301076,1909f56bfc062723c751e8b465ee728b)  -> (artifact id: 'e603a6f71fdcd99023f0c1c933e805ce') in 0.028289 seconds 
  Import took 0.036514 seconds .

========================================================================
Received Import Request.
  Time since last request: 0.000764 seconds.
  path: Assets/調色盤/HangingPlants1_3.asset
  artifactKey: Guid(b4cd40fdfedfd7a48abe219912c336ed) Importer(815301076,1909f56bfc062723c751e8b465ee728b)
Start importing Assets/調色盤/HangingPlants1_3.asset using Guid(b4cd40fdfedfd7a48abe219912c336ed) Importer(815301076,1909f56bfc062723c751e8b465ee728b)  -> (artifact id: '41c38efae5767ebe46abf6b24ecf44b5') in 0.026280 seconds 
  Import took 0.034695 seconds .

========================================================================
Received Import Request.
  Time since last request: 0.000494 seconds.
  path: Assets/調色盤/HangingPlants1_6.asset
  artifactKey: Guid(f311765679c57754aad8a11f655a34ec) Importer(815301076,1909f56bfc062723c751e8b465ee728b)
Start importing Assets/調色盤/HangingPlants1_6.asset using Guid(f311765679c57754aad8a11f655a34ec) Importer(815301076,1909f56bfc062723c751e8b465ee728b)  -> (artifact id: 'ac14d282ef3ce5544037ef49e9a89639') in 0.043157 seconds 
  Import took 0.053461 seconds .

========================================================================
Received Import Request.
  Time since last request: 0.001442 seconds.
  path: Assets/調色盤/HangingPlants1_4.asset
  artifactKey: Guid(eabdbfceaf17df5468a1e9f00b13b253) Importer(815301076,1909f56bfc062723c751e8b465ee728b)
Start importing Assets/調色盤/HangingPlants1_4.asset using Guid(eabdbfceaf17df5468a1e9f00b13b253) Importer(815301076,1909f56bfc062723c751e8b465ee728b)  -> (artifact id: '84cf3d5bb5b1a539965a215d22841615') in 0.026023 seconds 
  Import took 0.038374 seconds .

========================================================================
Received Import Request.
  Time since last request: 0.000442 seconds.
  path: Assets/2DGamekit/Prefabs/Ellen.prefab
  artifactKey: Guid(73360cdb4e1e7ed4897690f9d57fd0eb) Importer(815301076,1909f56bfc062723c751e8b465ee728b)
Start importing Assets/2DGamekit/Prefabs/Ellen.prefab using Guid(73360cdb4e1e7ed4897690f9d57fd0eb) Importer(815301076,1909f56bfc062723c751e8b465ee728b)  -> (artifact id: 'c959fe0b195355f0835f8b44f3a6f63b') in 0.480309 seconds 
  Import took 0.487799 seconds .

========================================================================
Received Import Request.
  Time since last request: 0.000382 seconds.
  path: Assets/2DGamekit/Prefabs/MainCamera.prefab
  artifactKey: Guid(bb0018ce3a8caa643b44f8487c34bd25) Importer(815301076,1909f56bfc062723c751e8b465ee728b)
Start importing Assets/2DGamekit/Prefabs/MainCamera.prefab using Guid(bb0018ce3a8caa643b44f8487c34bd25) Importer(815301076,1909f56bfc062723c751e8b465ee728b)  -> (artifact id: 'a0e1beaf13dd4d26c19d9f493f544825') in 0.068407 seconds 
  Import took 0.074336 seconds .

========================================================================
Received Import Request.
  Time since last request: 0.000450 seconds.
  path: Assets/調色盤/thing.prefab
  artifactKey: Guid(aad00a9e909868148a22f88bfbe31eeb) Importer(815301076,1909f56bfc062723c751e8b465ee728b)
Start importing Assets/調色盤/thing.prefab using Guid(aad00a9e909868148a22f88bfbe31eeb) Importer(815301076,1909f56bfc062723c751e8b465ee728b)  -> (artifact id: '1136eb006b2d7e847988fbc35acafb0b') in 0.090499 seconds 
  Import took 0.099782 seconds .

========================================================================
Received Import Request.
  Time since last request: 0.000769 seconds.
  path: Assets/調色盤/LowerPlants1_6.asset
  artifactKey: Guid(e42b63babc739ab4f9ae6cabe0cb2d97) Importer(815301076,1909f56bfc062723c751e8b465ee728b)
Start importing Assets/調色盤/LowerPlants1_6.asset using Guid(e42b63babc739ab4f9ae6cabe0cb2d97) Importer(815301076,1909f56bfc062723c751e8b465ee728b)  -> (artifact id: '047408e6f0082f5c19232ac11ccecf6a') in 0.031020 seconds 
  Import took 0.045171 seconds .

========================================================================
Received Import Request.
  Time since last request: 0.000481 seconds.
  path: Assets/調色盤/LowerPlants3_15.asset
  artifactKey: Guid(6abfebc5db9c19f4c9df9dc152b32e8f) Importer(815301076,1909f56bfc062723c751e8b465ee728b)
Start importing Assets/調色盤/LowerPlants3_15.asset using Guid(6abfebc5db9c19f4c9df9dc152b32e8f) Importer(815301076,1909f56bfc062723c751e8b465ee728b)  -> (artifact id: '7db0081244e11431cb352e90aedd1850') in 0.032192 seconds 
  Import took 0.041101 seconds .

========================================================================
Received Import Request.
  Time since last request: 0.000539 seconds.
  path: Assets/調色盤/HangingPlants1_2.asset
  artifactKey: Guid(86b040d00654c7949bb13395179ae303) Importer(815301076,1909f56bfc062723c751e8b465ee728b)
Start importing Assets/調色盤/HangingPlants1_2.asset using Guid(86b040d00654c7949bb13395179ae303) Importer(815301076,1909f56bfc062723c751e8b465ee728b)  -> (artifact id: '9a0ad1185a4162629978e5796f16ed67') in 0.027034 seconds 
  Import took 0.035248 seconds .

========================================================================
Received Import Request.
  Time since last request: 0.000693 seconds.
  path: Assets/7911146d8a0a493904467873466868ae.png
  artifactKey: Guid(a7d4ee9ac996eb4449154c9aeac9ed93) Importer(815301076,1909f56bfc062723c751e8b465ee728b)
Start importing Assets/7911146d8a0a493904467873466868ae.png using Guid(a7d4ee9ac996eb4449154c9aeac9ed93) Importer(815301076,1909f56bfc062723c751e8b465ee728b)  -> (artifact id: '1dfeadbb7307910cd5676d107e039488') in 0.899670 seconds 
  Import took 0.910230 seconds .

========================================================================
Received Import Request.
  Time since last request: 0.000537 seconds.
  path: Assets/調色盤/HangingPlants1_8.asset
  artifactKey: Guid(e33ee6af284e1e54e850568825f01f5e) Importer(815301076,1909f56bfc062723c751e8b465ee728b)
Start importing Assets/調色盤/HangingPlants1_8.asset using Guid(e33ee6af284e1e54e850568825f01f5e) Importer(815301076,1909f56bfc062723c751e8b465ee728b)  -> (artifact id: '2afb1829ce00b483202ce6c7ba7793b6') in 0.044014 seconds 
  Import took 0.048938 seconds .

========================================================================
Received Import Request.
  Time since last request: 0.000443 seconds.
  path: Assets/場景/20211025.unity
  artifactKey: Guid(90d3d07be8ebecb4cb3be01f8722a260) Importer(815301076,1909f56bfc062723c751e8b465ee728b)
Start importing Assets/場景/20211025.unity using Guid(90d3d07be8ebecb4cb3be01f8722a260) Importer(815301076,1909f56bfc062723c751e8b465ee728b)  -> (artifact id: 'ff1c12c9d26a9fd754efd7a09d5113cd') in 0.012472 seconds 
  Import took 0.022434 seconds .

========================================================================
Received Import Request.
  Time since last request: 0.000547 seconds.
  path: Assets/Gizmos/Cinemachine/cm_logo_lg.png
  artifactKey: Guid(d13b7d81b10e0eb41958f37ec7f00882) Importer(815301076,1909f56bfc062723c751e8b465ee728b)
Start importing Assets/Gizmos/Cinemachine/cm_logo_lg.png using Guid(d13b7d81b10e0eb41958f37ec7f00882) Importer(815301076,1909f56bfc062723c751e8b465ee728b)  -> (artifact id: '5f9e2f8b0fd67267f0241d32addc2b74') in 0.084884 seconds 
  Import took 0.092338 seconds .

========================================================================
Received Import Request.
  Time since last request: 0.000564 seconds.
  path: Assets/2DGamekit/Readme.asset
  artifactKey: Guid(83c2ed844a8c74b779a4c823d16594b1) Importer(815301076,1909f56bfc062723c751e8b465ee728b)
Start importing Assets/2DGamekit/Readme.asset using Guid(83c2ed844a8c74b779a4c823d16594b1) Importer(815301076,1909f56bfc062723c751e8b465ee728b)  -> (artifact id: 'd6c7e89498f213c04f7580f79f64ffae') in 0.031440 seconds 
  Import took 0.038998 seconds .

========================================================================
Received Import Request.
  Time since last request: 0.000385 seconds.
  path: Assets/調色盤/HangingPlants1_1.asset
  artifactKey: Guid(5b568c9b9d7cb354f811943a053688dd) Importer(815301076,1909f56bfc062723c751e8b465ee728b)
Start importing Assets/調色盤/HangingPlants1_1.asset using Guid(5b568c9b9d7cb354f811943a053688dd) Importer(815301076,1909f56bfc062723c751e8b465ee728b)  -> (artifact id: 'a94593879163cd5b6feab1bcf2310ec8') in 0.022100 seconds 
  Import took 0.028619 seconds .

AssetImportWorkerClient::OnTransportError - code=2 error=End of file
