Using pre-set license
Built from '2020.3/staging' branch; Version is '2020.3.20f1 (41c4e627c95f) revision 4310246'; Using compiler version '192528614'; Build Type 'Release'
OS: 'Windows 10 Pro; OS build 19042.1288; Version 2009; 64bit' Language: 'zh' Physical Memory: 16264 MB
BatchMode: 1, IsHumanControllingUs: 0, StartBugReporterOnCrash: 0, Is64bit: 1, IsPro: 0

COMMAND LINE ARGUMENTS:
C:\Program Files\Unity\Hub\Editor\2020.3.20f1\Editor\Unity.exe
-adb2
-batchMode
-noUpm
-name
AssetImportWorker0
-projectPath
C:/Users/user/Documents/GitHub/sss/class
-logFile
Logs/AssetImportWorker0.log
-srvPort
6151
Successfully changed project path to: C:/Users/user/Documents/GitHub/sss/class
C:/Users/user/Documents/GitHub/sss/class
Using Asset Import Pipeline V2.
Refreshing native plugins compatible for Editor in 52.40 ms, found 3 plugins.
Preloading 0 native plugins for Editor in 0.00 ms.
Initialize engine version: 2020.3.20f1 (41c4e627c95f)
[Subsystems] Discovering subsystems at path C:/Program Files/Unity/Hub/Editor/2020.3.20f1/Editor/Data/Resources/UnitySubsystems
[Subsystems] Discovering subsystems at path C:/Users/user/Documents/GitHub/sss/class/Assets
GfxDevice: creating device client; threaded=0
Direct3D:
    Version:  Direct3D 11.0 [level 11.1]
    Renderer: NVIDIA GeForce GTX 1060 3GB (ID=0x1c02)
    Vendor:   
    VRAM:     2988 MB
    Driver:   30.0.14.7196
Initialize mono
Mono path[0] = 'C:/Program Files/Unity/Hub/Editor/2020.3.20f1/Editor/Data/Managed'
Mono path[1] = 'C:/Program Files/Unity/Hub/Editor/2020.3.20f1/Editor/Data/MonoBleedingEdge/lib/mono/unityjit'
Mono config path = 'C:/Program Files/Unity/Hub/Editor/2020.3.20f1/Editor/Data/MonoBleedingEdge/etc'
Using monoOptions --debugger-agent=transport=dt_socket,embedding=1,server=y,suspend=n,address=127.0.0.1:56592
Begin MonoManager ReloadAssembly
Registering precompiled unity dll's ...
Register platform support module: C:/Program Files/Unity/Hub/Editor/2020.3.20f1/Editor/Data/PlaybackEngines/WebGLSupport/UnityEditor.WebGL.Extensions.dll
Register platform support module: C:/Program Files/Unity/Hub/Editor/2020.3.20f1/Editor/Data/PlaybackEngines/WindowsStandaloneSupport/UnityEditor.WindowsStandalone.Extensions.dll
Registered in 0.001590 seconds.
Native extension for WindowsStandalone target not found
Native extension for WebGL target not found
Refreshing native plugins compatible for Editor in 51.08 ms, found 3 plugins.
Preloading 0 native plugins for Editor in 0.00 ms.
Mono: successfully reloaded assembly
- Completed reload, in  1.334 seconds
Domain Reload Profiling:
	ReloadAssembly (1335ms)
		BeginReloadAssembly (41ms)
			ExecutionOrderSort (0ms)
			DisableScriptedObjects (0ms)
			BackupInstance (0ms)
			ReleaseScriptingObjects (0ms)
			CreateAndSetChildDomain (1ms)
		EndReloadAssembly (340ms)
			LoadAssemblies (40ms)
			RebuildTransferFunctionScriptingTraits (0ms)
			SetupTypeCache (118ms)
			ReleaseScriptCaches (0ms)
			RebuildScriptCaches (20ms)
			SetupLoadedEditorAssemblies (148ms)
				LogAssemblyErrors (0ms)
				InitializePlatformSupportModulesInManaged (3ms)
				SetLoadedEditorAssemblies (0ms)
				RefreshPlugins (51ms)
				BeforeProcessingInitializeOnLoad (7ms)
				ProcessInitializeOnLoadAttributes (66ms)
				ProcessInitializeOnLoadMethodAttributes (21ms)
				AfterProcessingInitializeOnLoad (0ms)
				EditorAssembliesLoaded (0ms)
			ExecutionOrderSort2 (0ms)
			AwakeInstancesAfterBackupRestoration (0ms)
Platform modules already initialized, skipping
Registering precompiled user dll's ...
Registered in 0.002279 seconds.
Begin MonoManager ReloadAssembly
Native extension for WindowsStandalone target not found
Native extension for WebGL target not found
Refreshing native plugins compatible for Editor in 52.67 ms, found 3 plugins.
Preloading 0 native plugins for Editor in 0.00 ms.
Mono: successfully reloaded assembly
- Completed reload, in  0.911 seconds
Domain Reload Profiling:
	ReloadAssembly (912ms)
		BeginReloadAssembly (111ms)
			ExecutionOrderSort (0ms)
			DisableScriptedObjects (3ms)
			BackupInstance (0ms)
			ReleaseScriptingObjects (0ms)
			CreateAndSetChildDomain (15ms)
		EndReloadAssembly (751ms)
			LoadAssemblies (69ms)
			RebuildTransferFunctionScriptingTraits (0ms)
			SetupTypeCache (239ms)
			ReleaseScriptCaches (0ms)
			RebuildScriptCaches (45ms)
			SetupLoadedEditorAssemblies (302ms)
				LogAssemblyErrors (0ms)
				InitializePlatformSupportModulesInManaged (4ms)
				SetLoadedEditorAssemblies (0ms)
				RefreshPlugins (53ms)
				BeforeProcessingInitializeOnLoad (58ms)
				ProcessInitializeOnLoadAttributes (173ms)
				ProcessInitializeOnLoadMethodAttributes (10ms)
				AfterProcessingInitializeOnLoad (5ms)
				EditorAssembliesLoaded (0ms)
			ExecutionOrderSort2 (0ms)
			AwakeInstancesAfterBackupRestoration (5ms)
Platform modules already initialized, skipping
========================================================================
Worker process is ready to serve import requests
Launched and connected shader compiler UnityShaderCompiler.exe after 0.05 seconds
Refreshing native plugins compatible for Editor in 0.65 ms, found 3 plugins.
Preloading 0 native plugins for Editor in 0.00 ms.
Unloading 2564 Unused Serialized files (Serialized files now loaded: 0)
System memory in use before: 118.6 MB.
System memory in use after: 118.8 MB.

Unloading 27 unused Assets to reduce memory usage. Loaded Objects now: 3004.
Total: 2.886500 ms (FindLiveObjects: 0.230200 ms CreateObjectMapping: 0.103600 ms MarkObjects: 2.469100 ms  DeleteObjects: 0.082100 ms)

AssetImportParameters requested are different than current active one (requested -> active):
  custom:framework-win-MediaFoundation: 216162199b28c13a410421893ffa2e32 -> 
  custom:video-decoder-ogg-theora: a1e56fd34408186e4bbccfd4996cb3dc -> 
  custom:container-muxer-webm: aa71ff27fc2769a1b78a27578f13a17b -> 
  custom:container-demuxer-webm: 4f35f7cbe854078d1ac9338744f61a02 -> 
  custom:container-demuxer-ogg: 62fdf1f143b41e24485cea50d1cbac27 -> 
  custom:video-encoder-webm-vp8: eb34c28f22e8b96e1ab97ce403110664 -> 
  custom:video-decoder-webm-vp8: 9c59270c3fd7afecdb556c50c9e8de78 -> 
  custom:audio-decoder-ogg-vorbis: bf7c407c2cedff20999df2af8eb42d56 -> 
  custom:audio-encoder-webm-vorbis: bf7c407c2cedff20999df2af8eb42d56 -> 
========================================================================
Received Import Request.
  path: Assets/2DGamekit/Readme.asset
  artifactKey: Guid(83c2ed844a8c74b779a4c823d16594b1) Importer(815301076,1909f56bfc062723c751e8b465ee728b)
Start importing Assets/2DGamekit/Readme.asset using Guid(83c2ed844a8c74b779a4c823d16594b1) Importer(815301076,1909f56bfc062723c751e8b465ee728b)  -> (artifact id: 'd6c7e89498f213c04f7580f79f64ffae') in 0.027685 seconds 
  Import took 0.031534 seconds .

========================================================================
Received Import Request.
  Time since last request: 0.062945 seconds.
  path: Assets/2DGamekit/Art
  artifactKey: Guid(a849a12c93bea034a87ff6f9a436b598) Importer(815301076,1909f56bfc062723c751e8b465ee728b)
Start importing Assets/2DGamekit/Art using Guid(a849a12c93bea034a87ff6f9a436b598) Importer(815301076,1909f56bfc062723c751e8b465ee728b)  -> (artifact id: 'bbf7efe250d74588d68881d5ec75f781') in 0.005372 seconds 
  Import took 0.009253 seconds .

========================================================================
Received Import Request.
  Time since last request: 0.714544 seconds.
  path: Assets/2DGamekit/Scripts
  artifactKey: Guid(9f40b01e4495ac14090cc1f4b4705d91) Importer(815301076,1909f56bfc062723c751e8b465ee728b)
Start importing Assets/2DGamekit/Scripts using Guid(9f40b01e4495ac14090cc1f4b4705d91) Importer(815301076,1909f56bfc062723c751e8b465ee728b)  -> (artifact id: 'd0e716cdb0161371a04d418daa8e8b09') in 0.004643 seconds 
  Import took 0.008004 seconds .

========================================================================
Received Import Request.
  Time since last request: 3.344765 seconds.
  path: Assets/場景/20211025.unity
  artifactKey: Guid(90d3d07be8ebecb4cb3be01f8722a260) Importer(815301076,1909f56bfc062723c751e8b465ee728b)
Start importing Assets/場景/20211025.unity using Guid(90d3d07be8ebecb4cb3be01f8722a260) Importer(815301076,1909f56bfc062723c751e8b465ee728b)  -> (artifact id: '33210d9d46e17459912a4ade65df7c81') in 0.006041 seconds 
  Import took 0.010323 seconds .

========================================================================
Received Import Request.
  Time since last request: 313.548040 seconds.
  path: Assets/Scenes/SampleScene.unity
  artifactKey: Guid(2cda990e2423bbf4892e6590ba056729) Importer(815301076,1909f56bfc062723c751e8b465ee728b)
Start importing Assets/Scenes/SampleScene.unity using Guid(2cda990e2423bbf4892e6590ba056729) Importer(815301076,1909f56bfc062723c751e8b465ee728b)  -> (artifact id: 'aa27944bdea339c97c39027c7eea529c') in 0.006318 seconds 
  Import took 0.010293 seconds .

========================================================================
Received Prepare
Registering precompiled user dll's ...
Registered in 0.002266 seconds.
Begin MonoManager ReloadAssembly
Native extension for WindowsStandalone target not found
Native extension for WebGL target not found
Refreshing native plugins compatible for Editor in 0.58 ms, found 3 plugins.
Preloading 0 native plugins for Editor in 0.00 ms.
Mono: successfully reloaded assembly
- Completed reload, in  0.808 seconds
Domain Reload Profiling:
	ReloadAssembly (808ms)
		BeginReloadAssembly (107ms)
			ExecutionOrderSort (0ms)
			DisableScriptedObjects (5ms)
			BackupInstance (0ms)
			ReleaseScriptingObjects (0ms)
			CreateAndSetChildDomain (31ms)
		EndReloadAssembly (654ms)
			LoadAssemblies (65ms)
			RebuildTransferFunctionScriptingTraits (0ms)
			SetupTypeCache (232ms)
			ReleaseScriptCaches (1ms)
			RebuildScriptCaches (35ms)
			SetupLoadedEditorAssemblies (233ms)
				LogAssemblyErrors (0ms)
				InitializePlatformSupportModulesInManaged (5ms)
				SetLoadedEditorAssemblies (0ms)
				RefreshPlugins (1ms)
				BeforeProcessingInitializeOnLoad (50ms)
				ProcessInitializeOnLoadAttributes (169ms)
				ProcessInitializeOnLoadMethodAttributes (4ms)
				AfterProcessingInitializeOnLoad (4ms)
				EditorAssembliesLoaded (0ms)
			ExecutionOrderSort2 (0ms)
			AwakeInstancesAfterBackupRestoration (8ms)
Platform modules already initialized, skipping
Refreshing native plugins compatible for Editor in 0.60 ms, found 3 plugins.
Preloading 0 native plugins for Editor in 0.00 ms.
Unloading 2506 Unused Serialized files (Serialized files now loaded: 0)
System memory in use before: 113.5 MB.
System memory in use after: 113.7 MB.

Unloading 15 unused Assets to reduce memory usage. Loaded Objects now: 3007.
Total: 2.705400 ms (FindLiveObjects: 0.199200 ms CreateObjectMapping: 0.088300 ms MarkObjects: 2.403000 ms  DeleteObjects: 0.014500 ms)

AssetImportParameters requested are different than current active one (requested -> active):
  custom:framework-win-MediaFoundation: 216162199b28c13a410421893ffa2e32 -> 
  custom:video-decoder-ogg-theora: a1e56fd34408186e4bbccfd4996cb3dc -> 
  custom:container-muxer-webm: aa71ff27fc2769a1b78a27578f13a17b -> 
  custom:container-demuxer-webm: 4f35f7cbe854078d1ac9338744f61a02 -> 
  custom:container-demuxer-ogg: 62fdf1f143b41e24485cea50d1cbac27 -> 
  custom:video-encoder-webm-vp8: eb34c28f22e8b96e1ab97ce403110664 -> 
  custom:video-decoder-webm-vp8: 9c59270c3fd7afecdb556c50c9e8de78 -> 
  custom:audio-decoder-ogg-vorbis: bf7c407c2cedff20999df2af8eb42d56 -> 
  custom:audio-encoder-webm-vorbis: bf7c407c2cedff20999df2af8eb42d56 -> 
========================================================================
Received Import Request.
  Time since last request: 12.447239 seconds.
  path: Assets/2DGamekit/2DGameKit_Third-PartyNotice.txt
  artifactKey: Guid(b6580c1460e4cdc4faed60b673cfbdfb) Importer(815301076,1909f56bfc062723c751e8b465ee728b)
Start importing Assets/2DGamekit/2DGameKit_Third-PartyNotice.txt using Guid(b6580c1460e4cdc4faed60b673cfbdfb) Importer(815301076,1909f56bfc062723c751e8b465ee728b)  -> (artifact id: '9fbae3eff95531f974389804c8ef973b') in 0.025367 seconds 
  Import took 0.029226 seconds .

========================================================================
Received Import Request.
  Time since last request: 1.437393 seconds.
  path: Assets/調色盤/HangingPlants1_1.asset
  artifactKey: Guid(5b568c9b9d7cb354f811943a053688dd) Importer(815301076,1909f56bfc062723c751e8b465ee728b)
Start importing Assets/調色盤/HangingPlants1_1.asset using Guid(5b568c9b9d7cb354f811943a053688dd) Importer(815301076,1909f56bfc062723c751e8b465ee728b)  -> (artifact id: 'a94593879163cd5b6feab1bcf2310ec8') in 0.057965 seconds 
  Import took 0.061698 seconds .

========================================================================
Received Import Request.
  Time since last request: 0.000263 seconds.
  path: Assets/調色盤/HangingPlants1_7.asset
  artifactKey: Guid(161e68b10a49f64429f147a92b16cca6) Importer(815301076,1909f56bfc062723c751e8b465ee728b)
Start importing Assets/調色盤/HangingPlants1_7.asset using Guid(161e68b10a49f64429f147a92b16cca6) Importer(815301076,1909f56bfc062723c751e8b465ee728b)  -> (artifact id: 'b88615556de6ac068bb0f1019520d9de') in 0.015439 seconds 
  Import took 0.018873 seconds .

========================================================================
Received Import Request.
  Time since last request: 0.000211 seconds.
  path: Assets/調色盤/LowerPlants3_25.asset
  artifactKey: Guid(580a67bdc55d55c4696572e4b4d86dff) Importer(815301076,1909f56bfc062723c751e8b465ee728b)
Start importing Assets/調色盤/LowerPlants3_25.asset using Guid(580a67bdc55d55c4696572e4b4d86dff) Importer(815301076,1909f56bfc062723c751e8b465ee728b)  -> (artifact id: 'db6764f1cf846ebf06d2f69ad29d50cd') in 0.011573 seconds 
  Import took 0.014835 seconds .

========================================================================
Received Import Request.
  Time since last request: 0.000318 seconds.
  path: Assets/調色盤/HangingPlants1_9.asset
  artifactKey: Guid(d6cd82ffe121c4649869a56c48705da3) Importer(815301076,1909f56bfc062723c751e8b465ee728b)
Start importing Assets/調色盤/HangingPlants1_9.asset using Guid(d6cd82ffe121c4649869a56c48705da3) Importer(815301076,1909f56bfc062723c751e8b465ee728b)  -> (artifact id: 'e603a6f71fdcd99023f0c1c933e805ce') in 0.012712 seconds 
  Import took 0.016862 seconds .

========================================================================
Received Import Request.
  Time since last request: 0.000224 seconds.
  path: Assets/調色盤/HangingPlants1_3.asset
  artifactKey: Guid(b4cd40fdfedfd7a48abe219912c336ed) Importer(815301076,1909f56bfc062723c751e8b465ee728b)
Start importing Assets/調色盤/HangingPlants1_3.asset using Guid(b4cd40fdfedfd7a48abe219912c336ed) Importer(815301076,1909f56bfc062723c751e8b465ee728b)  -> (artifact id: '41c38efae5767ebe46abf6b24ecf44b5') in 0.011456 seconds 
  Import took 0.015004 seconds .

========================================================================
Received Import Request.
  Time since last request: 0.000222 seconds.
  path: Assets/調色盤/HangingPlants1_6.asset
  artifactKey: Guid(f311765679c57754aad8a11f655a34ec) Importer(815301076,1909f56bfc062723c751e8b465ee728b)
Start importing Assets/調色盤/HangingPlants1_6.asset using Guid(f311765679c57754aad8a11f655a34ec) Importer(815301076,1909f56bfc062723c751e8b465ee728b)  -> (artifact id: 'ac14d282ef3ce5544037ef49e9a89639') in 0.017478 seconds 
  Import took 0.020650 seconds .

========================================================================
Received Import Request.
  Time since last request: 0.000208 seconds.
  path: Assets/調色盤/HangingPlants1_4.asset
  artifactKey: Guid(eabdbfceaf17df5468a1e9f00b13b253) Importer(815301076,1909f56bfc062723c751e8b465ee728b)
Start importing Assets/調色盤/HangingPlants1_4.asset using Guid(eabdbfceaf17df5468a1e9f00b13b253) Importer(815301076,1909f56bfc062723c751e8b465ee728b)  -> (artifact id: '84cf3d5bb5b1a539965a215d22841615') in 0.012114 seconds 
  Import took 0.015399 seconds .

========================================================================
Received Import Request.
  Time since last request: 0.000200 seconds.
  path: Assets/調色盤/thing.prefab
  artifactKey: Guid(aad00a9e909868148a22f88bfbe31eeb) Importer(815301076,1909f56bfc062723c751e8b465ee728b)
Start importing Assets/調色盤/thing.prefab using Guid(aad00a9e909868148a22f88bfbe31eeb) Importer(815301076,1909f56bfc062723c751e8b465ee728b)  -> (artifact id: '1136eb006b2d7e847988fbc35acafb0b') in 0.046631 seconds 
  Import took 0.050038 seconds .

========================================================================
Received Import Request.
  Time since last request: 0.000195 seconds.
  path: Assets/調色盤/LowerPlants1_6.asset
  artifactKey: Guid(e42b63babc739ab4f9ae6cabe0cb2d97) Importer(815301076,1909f56bfc062723c751e8b465ee728b)
Start importing Assets/調色盤/LowerPlants1_6.asset using Guid(e42b63babc739ab4f9ae6cabe0cb2d97) Importer(815301076,1909f56bfc062723c751e8b465ee728b)  -> (artifact id: '047408e6f0082f5c19232ac11ccecf6a') in 0.011824 seconds 
  Import took 0.015120 seconds .

========================================================================
Received Import Request.
  Time since last request: 0.000229 seconds.
  path: Assets/調色盤/LowerPlants3_15.asset
  artifactKey: Guid(6abfebc5db9c19f4c9df9dc152b32e8f) Importer(815301076,1909f56bfc062723c751e8b465ee728b)
Start importing Assets/調色盤/LowerPlants3_15.asset using Guid(6abfebc5db9c19f4c9df9dc152b32e8f) Importer(815301076,1909f56bfc062723c751e8b465ee728b)  -> (artifact id: '7db0081244e11431cb352e90aedd1850') in 0.011501 seconds 
  Import took 0.014869 seconds .

========================================================================
Received Import Request.
  Time since last request: 0.000233 seconds.
  path: Assets/調色盤/HangingPlants1_2.asset
  artifactKey: Guid(86b040d00654c7949bb13395179ae303) Importer(815301076,1909f56bfc062723c751e8b465ee728b)
Start importing Assets/調色盤/HangingPlants1_2.asset using Guid(86b040d00654c7949bb13395179ae303) Importer(815301076,1909f56bfc062723c751e8b465ee728b)  -> (artifact id: '9a0ad1185a4162629978e5796f16ed67') in 0.010502 seconds 
  Import took 0.013701 seconds .

========================================================================
Received Import Request.
  Time since last request: 0.000227 seconds.
  path: Assets/調色盤/HangingPlants1_8.asset
  artifactKey: Guid(e33ee6af284e1e54e850568825f01f5e) Importer(815301076,1909f56bfc062723c751e8b465ee728b)
Start importing Assets/調色盤/HangingPlants1_8.asset using Guid(e33ee6af284e1e54e850568825f01f5e) Importer(815301076,1909f56bfc062723c751e8b465ee728b)  -> (artifact id: '2afb1829ce00b483202ce6c7ba7793b6') in 0.011452 seconds 
  Import took 0.014774 seconds .

========================================================================
Received Import Request.
  Time since last request: 3.889776 seconds.
  path: Assets/Gizmos/Cinemachine
  artifactKey: Guid(6c48dd7a8ba37d941bd020678e20fce0) Importer(815301076,1909f56bfc062723c751e8b465ee728b)
Start importing Assets/Gizmos/Cinemachine using Guid(6c48dd7a8ba37d941bd020678e20fce0) Importer(815301076,1909f56bfc062723c751e8b465ee728b)  -> (artifact id: 'c4516e40e6324b05dca91fe6fc2560ad') in 0.005528 seconds 
  Import took 0.009549 seconds .

========================================================================
Received Import Request.
  Time since last request: 0.060209 seconds.
  path: Assets/Gizmos/Cinemachine/cm_logo_lg.png
  artifactKey: Guid(d13b7d81b10e0eb41958f37ec7f00882) Importer(815301076,1909f56bfc062723c751e8b465ee728b)
Start importing Assets/Gizmos/Cinemachine/cm_logo_lg.png using Guid(d13b7d81b10e0eb41958f37ec7f00882) Importer(815301076,1909f56bfc062723c751e8b465ee728b)  -> (artifact id: '5f9e2f8b0fd67267f0241d32addc2b74') in 0.107018 seconds 
  Import took 0.110723 seconds .

========================================================================
Received Import Request.
  Time since last request: 12.115396 seconds.
  path: Assets/2DGamekit/Scenes/Start.unity
  artifactKey: Guid(57df1e417250bc247976c2c0dc088efe) Importer(815301076,1909f56bfc062723c751e8b465ee728b)
Start importing Assets/2DGamekit/Scenes/Start.unity using Guid(57df1e417250bc247976c2c0dc088efe) Importer(815301076,1909f56bfc062723c751e8b465ee728b)  -> (artifact id: 'a69d1a1dbb5ee394d1fa3014e2d41548') in 0.005917 seconds 
  Import took 0.010056 seconds .

========================================================================
Received Import Request.
  Time since last request: 1880.221557 seconds.
  path: Assets/2DGamekit/Scenes/Zone5.unity
  artifactKey: Guid(960b12f881940d84983273421bebc695) Importer(815301076,1909f56bfc062723c751e8b465ee728b)
Start importing Assets/2DGamekit/Scenes/Zone5.unity using Guid(960b12f881940d84983273421bebc695) Importer(815301076,1909f56bfc062723c751e8b465ee728b)  -> (artifact id: 'd4b62425c2642bdb0206c331254a66e6') in 0.006221 seconds 
  Import took 0.010159 seconds .

========================================================================
Received Import Request.
  Time since last request: 29.061956 seconds.
  path: Assets/2DGamekit/Scenes/Zone1.unity
  artifactKey: Guid(a94cb8f134bf81349ad016c79b629e3d) Importer(815301076,1909f56bfc062723c751e8b465ee728b)
Start importing Assets/2DGamekit/Scenes/Zone1.unity using Guid(a94cb8f134bf81349ad016c79b629e3d) Importer(815301076,1909f56bfc062723c751e8b465ee728b)  -> (artifact id: '7e8d875f82726615edba8df2322e2207') in 0.006680 seconds 
  Import took 0.010118 seconds .

========================================================================
Received Import Request.
  Time since last request: 5.597808 seconds.
  path: Assets/場景/20211025.unity
  artifactKey: Guid(90d3d07be8ebecb4cb3be01f8722a260) Importer(815301076,1909f56bfc062723c751e8b465ee728b)
Start importing Assets/場景/20211025.unity using Guid(90d3d07be8ebecb4cb3be01f8722a260) Importer(815301076,1909f56bfc062723c751e8b465ee728b)  -> (artifact id: 'c197ca49c1d9d56c4a50ac4f2a7be6db') in 0.002166 seconds 
  Import took 0.005832 seconds .

========================================================================
Received Import Request.
  Time since last request: 62.450641 seconds.
  path: Assets/2DGamekit/Prefabs/Ellen.prefab
  artifactKey: Guid(73360cdb4e1e7ed4897690f9d57fd0eb) Importer(815301076,1909f56bfc062723c751e8b465ee728b)
Start importing Assets/2DGamekit/Prefabs/Ellen.prefab using Guid(73360cdb4e1e7ed4897690f9d57fd0eb) Importer(815301076,1909f56bfc062723c751e8b465ee728b)  -> (artifact id: 'c959fe0b195355f0835f8b44f3a6f63b') in 0.085653 seconds 
  Import took 0.090653 seconds .

========================================================================
Received Import Request.
  Time since last request: 0.000240 seconds.
  path: Assets/2DGamekit/Prefabs/MainCamera.prefab
  artifactKey: Guid(bb0018ce3a8caa643b44f8487c34bd25) Importer(815301076,1909f56bfc062723c751e8b465ee728b)
Start importing Assets/2DGamekit/Prefabs/MainCamera.prefab using Guid(bb0018ce3a8caa643b44f8487c34bd25) Importer(815301076,1909f56bfc062723c751e8b465ee728b)  -> (artifact id: 'a0e1beaf13dd4d26c19d9f493f544825') in 0.015305 seconds 
  Import took 0.018646 seconds .

========================================================================
Received Import Request.
  Time since last request: 28.290138 seconds.
  path: Assets/2DGamekit/Prefabs/Utilities
  artifactKey: Guid(0a99fab13ddb0134088b72fb49e58d02) Importer(815301076,1909f56bfc062723c751e8b465ee728b)
Start importing Assets/2DGamekit/Prefabs/Utilities using Guid(0a99fab13ddb0134088b72fb49e58d02) Importer(815301076,1909f56bfc062723c751e8b465ee728b)  -> (artifact id: '8c642e4dca974ece0758e3334d92a2ad') in 0.005608 seconds 
  Import took 0.009360 seconds .

========================================================================
Received Import Request.
  Time since last request: 4.229416 seconds.
  path: Assets/2DGamekit/Prefabs/SceneControl/Checkpoint.prefab
  artifactKey: Guid(448ee8ad87a7f9f43b099285036e8bfc) Importer(815301076,1909f56bfc062723c751e8b465ee728b)
Start importing Assets/2DGamekit/Prefabs/SceneControl/Checkpoint.prefab using Guid(448ee8ad87a7f9f43b099285036e8bfc) Importer(815301076,1909f56bfc062723c751e8b465ee728b)  -> (artifact id: 'c2da56f290346725768d3150a384f9b9') in 0.006791 seconds 
  Import took 0.010634 seconds .

========================================================================
Received Import Request.
  Time since last request: 0.000204 seconds.
  path: Assets/2DGamekit/Prefabs/SceneControl/SceneController.prefab
  artifactKey: Guid(06c5c56d99c9e194db056e41d8b8f99b) Importer(815301076,1909f56bfc062723c751e8b465ee728b)
Start importing Assets/2DGamekit/Prefabs/SceneControl/SceneController.prefab using Guid(06c5c56d99c9e194db056e41d8b8f99b) Importer(815301076,1909f56bfc062723c751e8b465ee728b)  -> (artifact id: '442e883cbfaa47869fbd8bab7f6ae693') in 0.008472 seconds 
  Import took 0.011597 seconds .

========================================================================
Received Import Request.
  Time since last request: 0.000229 seconds.
  path: Assets/2DGamekit/Prefabs/SceneControl/SpawnManagerWrapper.prefab
  artifactKey: Guid(c0349e06831df0a4a93d468c308dc3d1) Importer(815301076,1909f56bfc062723c751e8b465ee728b)
Start importing Assets/2DGamekit/Prefabs/SceneControl/SpawnManagerWrapper.prefab using Guid(c0349e06831df0a4a93d468c308dc3d1) Importer(815301076,1909f56bfc062723c751e8b465ee728b)  -> (artifact id: '1fc3f256f3a39a5bcdabc126b5e81747') in 0.007762 seconds 
  Import took 0.010972 seconds .

========================================================================
Received Import Request.
  Time since last request: 0.000297 seconds.
  path: Assets/2DGamekit/Prefabs/SceneControl/ScreenFader.prefab
  artifactKey: Guid(12c2177bf06bbee44b65f5e185b2216f) Importer(815301076,1909f56bfc062723c751e8b465ee728b)
Start importing Assets/2DGamekit/Prefabs/SceneControl/ScreenFader.prefab using Guid(12c2177bf06bbee44b65f5e185b2216f) Importer(815301076,1909f56bfc062723c751e8b465ee728b)  -> (artifact id: 'f41ac8a1988dfbf778288558cd500b7d') in 0.013555 seconds 
  Import took 0.017371 seconds .

========================================================================
Received Import Request.
  Time since last request: 0.000309 seconds.
  path: Assets/2DGamekit/Prefabs/SceneControl/TransitionDestination.prefab
  artifactKey: Guid(f949db0cfd21cb34796d46f92ac4fb1a) Importer(815301076,1909f56bfc062723c751e8b465ee728b)
Start importing Assets/2DGamekit/Prefabs/SceneControl/TransitionDestination.prefab using Guid(f949db0cfd21cb34796d46f92ac4fb1a) Importer(815301076,1909f56bfc062723c751e8b465ee728b)  -> (artifact id: '1d199f468fb4801e3e55abed47135a92') in 0.008751 seconds 
  Import took 0.012806 seconds .

========================================================================
Received Import Request.
  Time since last request: 0.000265 seconds.
  path: Assets/2DGamekit/Prefabs/SceneControl/TransitionStart.prefab
  artifactKey: Guid(b38e9ca90e4033c4bb4554a41a283698) Importer(815301076,1909f56bfc062723c751e8b465ee728b)
Start importing Assets/2DGamekit/Prefabs/SceneControl/TransitionStart.prefab using Guid(b38e9ca90e4033c4bb4554a41a283698) Importer(815301076,1909f56bfc062723c751e8b465ee728b)  -> (artifact id: '92c0ffbfbe58d46ac78de8f17fa3aa51') in 0.010053 seconds 
  Import took 0.013440 seconds .

========================================================================
Received Prepare
Registering precompiled user dll's ...
Registered in 0.002245 seconds.
Begin MonoManager ReloadAssembly
Native extension for WindowsStandalone target not found
Native extension for WebGL target not found
Refreshing native plugins compatible for Editor in 0.59 ms, found 3 plugins.
Preloading 0 native plugins for Editor in 0.00 ms.
Mono: successfully reloaded assembly
- Completed reload, in  0.804 seconds
Domain Reload Profiling:
	ReloadAssembly (805ms)
		BeginReloadAssembly (98ms)
			ExecutionOrderSort (0ms)
			DisableScriptedObjects (5ms)
			BackupInstance (0ms)
			ReleaseScriptingObjects (0ms)
			CreateAndSetChildDomain (32ms)
		EndReloadAssembly (656ms)
			LoadAssemblies (70ms)
			RebuildTransferFunctionScriptingTraits (0ms)
			SetupTypeCache (236ms)
			ReleaseScriptCaches (1ms)
			RebuildScriptCaches (35ms)
			SetupLoadedEditorAssemblies (231ms)
				LogAssemblyErrors (0ms)
				InitializePlatformSupportModulesInManaged (4ms)
				SetLoadedEditorAssemblies (0ms)
				RefreshPlugins (1ms)
				BeforeProcessingInitializeOnLoad (47ms)
				ProcessInitializeOnLoadAttributes (171ms)
				ProcessInitializeOnLoadMethodAttributes (4ms)
				AfterProcessingInitializeOnLoad (4ms)
				EditorAssembliesLoaded (0ms)
			ExecutionOrderSort2 (0ms)
			AwakeInstancesAfterBackupRestoration (8ms)
Platform modules already initialized, skipping
Refreshing native plugins compatible for Editor in 0.62 ms, found 3 plugins.
Preloading 0 native plugins for Editor in 0.00 ms.
Unloading 2506 Unused Serialized files (Serialized files now loaded: 0)
System memory in use before: 116.8 MB.
System memory in use after: 117.0 MB.

Unloading 15 unused Assets to reduce memory usage. Loaded Objects now: 3031.
Total: 2.631100 ms (FindLiveObjects: 0.189300 ms CreateObjectMapping: 0.088600 ms MarkObjects: 2.340600 ms  DeleteObjects: 0.012000 ms)

AssetImportParameters requested are different than current active one (requested -> active):
  custom:framework-win-MediaFoundation: 216162199b28c13a410421893ffa2e32 -> 
  custom:video-decoder-ogg-theora: a1e56fd34408186e4bbccfd4996cb3dc -> 
  custom:container-muxer-webm: aa71ff27fc2769a1b78a27578f13a17b -> 
  custom:container-demuxer-webm: 4f35f7cbe854078d1ac9338744f61a02 -> 
  custom:container-demuxer-ogg: 62fdf1f143b41e24485cea50d1cbac27 -> 
  custom:video-encoder-webm-vp8: eb34c28f22e8b96e1ab97ce403110664 -> 
  custom:video-decoder-webm-vp8: 9c59270c3fd7afecdb556c50c9e8de78 -> 
  custom:audio-decoder-ogg-vorbis: bf7c407c2cedff20999df2af8eb42d56 -> 
  custom:audio-encoder-webm-vorbis: bf7c407c2cedff20999df2af8eb42d56 -> 
========================================================================
Received Import Request.
  Time since last request: 1088.932610 seconds.
  path: Assets/2DGamekit/Prefabs/Audio/BackgroundMusicPlayer.prefab
  artifactKey: Guid(9c48d4101c920ef47a787da13f097d90) Importer(815301076,1909f56bfc062723c751e8b465ee728b)
Start importing Assets/2DGamekit/Prefabs/Audio/BackgroundMusicPlayer.prefab using Guid(9c48d4101c920ef47a787da13f097d90) Importer(815301076,1909f56bfc062723c751e8b465ee728b)  -> (artifact id: '026bf5019cd6916b481e62f3361f89c3') in 0.023532 seconds 
  Import took 0.027457 seconds .

========================================================================
Received Import Request.
  Time since last request: 3.843509 seconds.
  path: Assets/2DGamekit/Prefabs/Environment/Acid.prefab
  artifactKey: Guid(3aa03ae1689a947448e3ea2b622614f1) Importer(815301076,1909f56bfc062723c751e8b465ee728b)
Start importing Assets/2DGamekit/Prefabs/Environment/Acid.prefab using Guid(3aa03ae1689a947448e3ea2b622614f1) Importer(815301076,1909f56bfc062723c751e8b465ee728b)  -> (artifact id: 'd1cfe7e8b94ce801a08f36cfd6d72eac') in 0.083486 seconds 
  Import took 0.088107 seconds .

========================================================================
Received Import Request.
  Time since last request: 0.000220 seconds.
  path: Assets/2DGamekit/Prefabs/Environment/Spikes.prefab
  artifactKey: Guid(4ff9f7a332b4ae44bb62aaee6eacc033) Importer(815301076,1909f56bfc062723c751e8b465ee728b)
Start importing Assets/2DGamekit/Prefabs/Environment/Spikes.prefab using Guid(4ff9f7a332b4ae44bb62aaee6eacc033) Importer(815301076,1909f56bfc062723c751e8b465ee728b)  -> (artifact id: '6240deab8232ade6948c492fc9367787') in 0.034047 seconds 
  Import took 0.037146 seconds .

========================================================================
Received Import Request.
  Time since last request: 0.314293 seconds.
  path: Assets/2DGamekit/Prefabs/Interactables/Bridge.prefab
  artifactKey: Guid(a895c7cedf6851f4380f2a35df8d219a) Importer(815301076,1909f56bfc062723c751e8b465ee728b)
Start importing Assets/2DGamekit/Prefabs/Interactables/Bridge.prefab using Guid(a895c7cedf6851f4380f2a35df8d219a) Importer(815301076,1909f56bfc062723c751e8b465ee728b)  -> (artifact id: 'f1005b616e063584f8983f554d96f7ee') in 0.020335 seconds 
  Import took 0.024498 seconds .

========================================================================
Received Import Request.
  Time since last request: 0.000232 seconds.
  path: Assets/2DGamekit/Prefabs/Interactables/PassThroughPlatform.prefab
  artifactKey: Guid(e89d55dfb0b7bab4dac674275ef32613) Importer(815301076,1909f56bfc062723c751e8b465ee728b)
Start importing Assets/2DGamekit/Prefabs/Interactables/PassThroughPlatform.prefab using Guid(e89d55dfb0b7bab4dac674275ef32613) Importer(815301076,1909f56bfc062723c751e8b465ee728b)  -> (artifact id: '4064a304c1ff9c898fdf258d9b532e1d') in 0.017099 seconds 
  Import took 0.020285 seconds .

========================================================================
Received Import Request.
  Time since last request: 0.000249 seconds.
  path: Assets/2DGamekit/Prefabs/Interactables/MovingPlatformlong.prefab
  artifactKey: Guid(75c2b6a66ee2dfe4b9f818176a33f456) Importer(815301076,1909f56bfc062723c751e8b465ee728b)
Start importing Assets/2DGamekit/Prefabs/Interactables/MovingPlatformlong.prefab using Guid(75c2b6a66ee2dfe4b9f818176a33f456) Importer(815301076,1909f56bfc062723c751e8b465ee728b)  -> (artifact id: 'ed7d996732e548b073dfde4a08df2230') in 0.012976 seconds 
  Import took 0.016676 seconds .

========================================================================
Received Import Request.
  Time since last request: 0.000224 seconds.
  path: Assets/2DGamekit/Prefabs/Interactables/Key.prefab
  artifactKey: Guid(93f15056a62b79346aafa55805de2b33) Importer(815301076,1909f56bfc062723c751e8b465ee728b)
Start importing Assets/2DGamekit/Prefabs/Interactables/Key.prefab using Guid(93f15056a62b79346aafa55805de2b33) Importer(815301076,1909f56bfc062723c751e8b465ee728b)  -> (artifact id: '91b4ac831440d9e63af3fe07e28da254') in 0.016646 seconds 
  Import took 0.020427 seconds .

========================================================================
Received Import Request.
  Time since last request: 0.000255 seconds.
  path: Assets/2DGamekit/Prefabs/Interactables/InfoPost.prefab
  artifactKey: Guid(6bc0b2bb61623f94aa335ee8a769a8f9) Importer(815301076,1909f56bfc062723c751e8b465ee728b)
Start importing Assets/2DGamekit/Prefabs/Interactables/InfoPost.prefab using Guid(6bc0b2bb61623f94aa335ee8a769a8f9) Importer(815301076,1909f56bfc062723c751e8b465ee728b)  -> (artifact id: '3178d21a55ba21cfdb13a887eade37ac') in 0.020126 seconds 
  Import took 0.023675 seconds .

========================================================================
Received Import Request.
  Time since last request: 0.000234 seconds.
  path: Assets/2DGamekit/Prefabs/Interactables/Door.prefab
  artifactKey: Guid(d3dff3eb072b76f4daa75549e62b7bda) Importer(815301076,1909f56bfc062723c751e8b465ee728b)
Start importing Assets/2DGamekit/Prefabs/Interactables/Door.prefab using Guid(d3dff3eb072b76f4daa75549e62b7bda) Importer(815301076,1909f56bfc062723c751e8b465ee728b)  -> (artifact id: '6e026e202d86b0c472915c4fd2d0f768') in 0.021345 seconds 
  Import took 0.024608 seconds .

========================================================================
Received Import Request.
  Time since last request: 0.000204 seconds.
  path: Assets/2DGamekit/Prefabs/Interactables/MovingPlatform.prefab
  artifactKey: Guid(f9663778c0da693408f8cf4c13bc051a) Importer(815301076,1909f56bfc062723c751e8b465ee728b)
Start importing Assets/2DGamekit/Prefabs/Interactables/MovingPlatform.prefab using Guid(f9663778c0da693408f8cf4c13bc051a) Importer(815301076,1909f56bfc062723c751e8b465ee728b)  -> (artifact id: '3f6a692f8b698768eeba066500152c9a') in 0.014888 seconds 
  Import took 0.018100 seconds .

========================================================================
Received Import Request.
  Time since last request: 0.000197 seconds.
  path: Assets/2DGamekit/Prefabs/Interactables/PressurePad.prefab
  artifactKey: Guid(daebb73bab52a3b4d8eab37c26a8a62f) Importer(815301076,1909f56bfc062723c751e8b465ee728b)
Start importing Assets/2DGamekit/Prefabs/Interactables/PressurePad.prefab using Guid(daebb73bab52a3b4d8eab37c26a8a62f) Importer(815301076,1909f56bfc062723c751e8b465ee728b)  -> (artifact id: '93e32482303dc8dc057b9ceee554bccd') in 0.014743 seconds 
  Import took 0.017882 seconds .

========================================================================
Received Import Request.
  Time since last request: 0.000190 seconds.
  path: Assets/2DGamekit/Prefabs/Interactables/DestructableColumn.prefab
  artifactKey: Guid(c57359a20b483084f9310f1d0b46f64a) Importer(815301076,1909f56bfc062723c751e8b465ee728b)
Start importing Assets/2DGamekit/Prefabs/Interactables/DestructableColumn.prefab using Guid(c57359a20b483084f9310f1d0b46f64a) Importer(815301076,1909f56bfc062723c751e8b465ee728b)  -> (artifact id: '3366046ee6acb31de514fbc1d842a253') in 0.083830 seconds 
  Import took 0.087298 seconds .

========================================================================
Received Import Request.
  Time since last request: 0.000221 seconds.
  path: Assets/2DGamekit/Prefabs/Interactables/HealthPickup.prefab
  artifactKey: Guid(6ce14eb040a43734b9fb27d9a62d91ee) Importer(815301076,1909f56bfc062723c751e8b465ee728b)
Start importing Assets/2DGamekit/Prefabs/Interactables/HealthPickup.prefab using Guid(6ce14eb040a43734b9fb27d9a62d91ee) Importer(815301076,1909f56bfc062723c751e8b465ee728b)  -> (artifact id: '2aafe893de8ec88b4d3089ac14fe734e') in 0.019215 seconds 
  Import took 0.022745 seconds .

========================================================================
Received Import Request.
  Time since last request: 0.000183 seconds.
  path: Assets/2DGamekit/Prefabs/Interactables/DestructableWall.prefab
  artifactKey: Guid(34e51d4f11580144b99436db7c78b5dd) Importer(815301076,1909f56bfc062723c751e8b465ee728b)
Start importing Assets/2DGamekit/Prefabs/Interactables/DestructableWall.prefab using Guid(34e51d4f11580144b99436db7c78b5dd) Importer(815301076,1909f56bfc062723c751e8b465ee728b)  -> (artifact id: '88b5ffc18c4637eb5bd01821e753702c') in 0.016091 seconds 
  Import took 0.019770 seconds .

========================================================================
Received Import Request.
  Time since last request: 0.000199 seconds.
  path: Assets/2DGamekit/Prefabs/Interactables/PushableBox.prefab
  artifactKey: Guid(afbffe7f4d780a848bb3211bd9c32278) Importer(815301076,1909f56bfc062723c751e8b465ee728b)
Start importing Assets/2DGamekit/Prefabs/Interactables/PushableBox.prefab using Guid(afbffe7f4d780a848bb3211bd9c32278) Importer(815301076,1909f56bfc062723c751e8b465ee728b)  -> (artifact id: 'fa1ac3cb503380bb1120e3f66dcc8ec3') in 0.013300 seconds 
  Import took 0.016835 seconds .

========================================================================
Received Import Request.
  Time since last request: 0.000204 seconds.
  path: Assets/2DGamekit/Prefabs/Interactables/Teleporter.prefab
  artifactKey: Guid(ea040a76895f65745899f41e3dff6aeb) Importer(815301076,1909f56bfc062723c751e8b465ee728b)
Start importing Assets/2DGamekit/Prefabs/Interactables/Teleporter.prefab using Guid(ea040a76895f65745899f41e3dff6aeb) Importer(815301076,1909f56bfc062723c751e8b465ee728b)  -> (artifact id: '75107e669a8aaed851b7bcd6d720e84d') in 0.015878 seconds 
  Import took 0.019954 seconds .

========================================================================
Received Import Request.
  Time since last request: 0.000148 seconds.
  path: Assets/2DGamekit/Prefabs/Interactables/SingleUseSwitch.prefab
  artifactKey: Guid(7da6a32167f5e2948a425959d1ea2014) Importer(815301076,1909f56bfc062723c751e8b465ee728b)
Start importing Assets/2DGamekit/Prefabs/Interactables/SingleUseSwitch.prefab using Guid(7da6a32167f5e2948a425959d1ea2014) Importer(815301076,1909f56bfc062723c751e8b465ee728b)  -> (artifact id: '38fb9b8e6df2909d6ef9487b3d615e98') in 0.017950 seconds 
  Import took 0.021343 seconds .

========================================================================
Received Import Request.
  Time since last request: 0.000193 seconds.
  path: Assets/2DGamekit/Prefabs/Interactables/ReusableSwitch.prefab
  artifactKey: Guid(40cc899f594768746b6d70b3f2530c2e) Importer(815301076,1909f56bfc062723c751e8b465ee728b)
Start importing Assets/2DGamekit/Prefabs/Interactables/ReusableSwitch.prefab using Guid(40cc899f594768746b6d70b3f2530c2e) Importer(815301076,1909f56bfc062723c751e8b465ee728b)  -> (artifact id: '92ef23c6edb8611bd83f56512e26e476') in 0.011499 seconds 
  Import took 0.014801 seconds .

========================================================================
Received Import Request.
  Time since last request: 0.000260 seconds.
  path: Assets/2DGamekit/Prefabs/Interactables/PassThroughPlatformLong.prefab
  artifactKey: Guid(599bf135fc0648043bfa32dcd1e26d86) Importer(815301076,1909f56bfc062723c751e8b465ee728b)
Start importing Assets/2DGamekit/Prefabs/Interactables/PassThroughPlatformLong.prefab using Guid(599bf135fc0648043bfa32dcd1e26d86) Importer(815301076,1909f56bfc062723c751e8b465ee728b)  -> (artifact id: '1dfed94e2c042752a44994013271319b') in 0.012897 seconds 
  Import took 0.016473 seconds .

========================================================================
Received Import Request.
  Time since last request: 0.824761 seconds.
  path: Assets/2DGamekit/Prefabs/Enemies/Chomper.prefab
  artifactKey: Guid(9a2f32836e0e10248b425c273622a735) Importer(815301076,1909f56bfc062723c751e8b465ee728b)
Start importing Assets/2DGamekit/Prefabs/Enemies/Chomper.prefab using Guid(9a2f32836e0e10248b425c273622a735) Importer(815301076,1909f56bfc062723c751e8b465ee728b)  -> (artifact id: 'a6dd4595dbf40a75a88b166f0ceadfee') in 0.016184 seconds 
  Import took 0.020408 seconds .

========================================================================
Received Import Request.
  Time since last request: 0.000213 seconds.
  path: Assets/2DGamekit/Prefabs/Enemies/Spitter.prefab
  artifactKey: Guid(6fc2e0a5f8f54a7499632d26ee58a344) Importer(815301076,1909f56bfc062723c751e8b465ee728b)
Start importing Assets/2DGamekit/Prefabs/Enemies/Spitter.prefab using Guid(6fc2e0a5f8f54a7499632d26ee58a344) Importer(815301076,1909f56bfc062723c751e8b465ee728b)  -> (artifact id: 'ff06b0be4358a05381a80fbfef41ab6d') in 0.018577 seconds 
  Import took 0.022046 seconds .

========================================================================
Received Import Request.
  Time since last request: 0.000244 seconds.
  path: Assets/2DGamekit/Prefabs/Enemies/EnemySpawner.prefab
  artifactKey: Guid(5ae094758896c0b45b352d4b01916822) Importer(815301076,1909f56bfc062723c751e8b465ee728b)
Start importing Assets/2DGamekit/Prefabs/Enemies/EnemySpawner.prefab using Guid(5ae094758896c0b45b352d4b01916822) Importer(815301076,1909f56bfc062723c751e8b465ee728b)  -> (artifact id: 'a366c55d10bd3353c01d0bf4b10416ce') in 0.011567 seconds 
  Import took 0.015641 seconds .

========================================================================
Received Import Request.
  Time since last request: 1033.231343 seconds.
  path: Assets/2DGamekit/Scenes/Utilities
  artifactKey: Guid(d2be6fdf7ef4dc8488689e46d83c752c) Importer(815301076,1909f56bfc062723c751e8b465ee728b)
Start importing Assets/2DGamekit/Scenes/Utilities using Guid(d2be6fdf7ef4dc8488689e46d83c752c) Importer(815301076,1909f56bfc062723c751e8b465ee728b)  -> (artifact id: 'cd885d7247e30cc20b3c08704011c572') in 0.002474 seconds 
  Import took 0.006544 seconds .

========================================================================
Received Prepare
Registering precompiled user dll's ...
Registered in 0.002372 seconds.
Begin MonoManager ReloadAssembly
Native extension for WindowsStandalone target not found
Native extension for WebGL target not found
Refreshing native plugins compatible for Editor in 0.60 ms, found 3 plugins.
Preloading 0 native plugins for Editor in 0.00 ms.
Mono: successfully reloaded assembly
- Completed reload, in  0.827 seconds
Domain Reload Profiling:
	ReloadAssembly (827ms)
		BeginReloadAssembly (94ms)
			ExecutionOrderSort (0ms)
			DisableScriptedObjects (5ms)
			BackupInstance (0ms)
			ReleaseScriptingObjects (0ms)
			CreateAndSetChildDomain (28ms)
		EndReloadAssembly (686ms)
			LoadAssemblies (71ms)
			RebuildTransferFunctionScriptingTraits (0ms)
			SetupTypeCache (240ms)
			ReleaseScriptCaches (1ms)
			RebuildScriptCaches (36ms)
			SetupLoadedEditorAssemblies (252ms)
				LogAssemblyErrors (0ms)
				InitializePlatformSupportModulesInManaged (5ms)
				SetLoadedEditorAssemblies (0ms)
				RefreshPlugins (1ms)
				BeforeProcessingInitializeOnLoad (50ms)
				ProcessInitializeOnLoadAttributes (187ms)
				ProcessInitializeOnLoadMethodAttributes (4ms)
				AfterProcessingInitializeOnLoad (5ms)
				EditorAssembliesLoaded (0ms)
			ExecutionOrderSort2 (0ms)
			AwakeInstancesAfterBackupRestoration (11ms)
Platform modules already initialized, skipping
Refreshing native plugins compatible for Editor in 0.60 ms, found 3 plugins.
Preloading 0 native plugins for Editor in 0.00 ms.
Unloading 2506 Unused Serialized files (Serialized files now loaded: 0)
System memory in use before: 117.3 MB.
System memory in use after: 117.5 MB.

Unloading 19 unused Assets to reduce memory usage. Loaded Objects now: 3040.
Total: 2.830400 ms (FindLiveObjects: 0.195400 ms CreateObjectMapping: 0.082200 ms MarkObjects: 2.475600 ms  DeleteObjects: 0.076700 ms)

AssetImportParameters requested are different than current active one (requested -> active):
  custom:framework-win-MediaFoundation: 216162199b28c13a410421893ffa2e32 -> 
  custom:video-decoder-ogg-theora: a1e56fd34408186e4bbccfd4996cb3dc -> 
  custom:container-muxer-webm: aa71ff27fc2769a1b78a27578f13a17b -> 
  custom:container-demuxer-webm: 4f35f7cbe854078d1ac9338744f61a02 -> 
  custom:container-demuxer-ogg: 62fdf1f143b41e24485cea50d1cbac27 -> 
  custom:video-encoder-webm-vp8: eb34c28f22e8b96e1ab97ce403110664 -> 
  custom:video-decoder-webm-vp8: 9c59270c3fd7afecdb556c50c9e8de78 -> 
  custom:audio-decoder-ogg-vorbis: bf7c407c2cedff20999df2af8eb42d56 -> 
  custom:audio-encoder-webm-vorbis: bf7c407c2cedff20999df2af8eb42d56 -> 
========================================================================
Received Import Request.
  Time since last request: 550.491799 seconds.
  path: Assets/7911146d8a0a493904467873466868ae.png
  artifactKey: Guid(a7d4ee9ac996eb4449154c9aeac9ed93) Importer(815301076,1909f56bfc062723c751e8b465ee728b)
Start importing Assets/7911146d8a0a493904467873466868ae.png using Guid(a7d4ee9ac996eb4449154c9aeac9ed93) Importer(815301076,1909f56bfc062723c751e8b465ee728b)  -> (artifact id: '3b5e6cc47d8be129590fd69c183a89aa') in 0.055662 seconds 
  Import took 0.059377 seconds .

========================================================================
Received Import Request.
  Time since last request: 4.260233 seconds.
  path: Assets/場景/20211025.unity
  artifactKey: Guid(90d3d07be8ebecb4cb3be01f8722a260) Importer(815301076,1909f56bfc062723c751e8b465ee728b)
Start importing Assets/場景/20211025.unity using Guid(90d3d07be8ebecb4cb3be01f8722a260) Importer(815301076,1909f56bfc062723c751e8b465ee728b)  -> (artifact id: '6064fcfbb18397d825edcaddfc7612d3') in 0.002758 seconds 
  Import took 0.007240 seconds .

========================================================================
Received Import Request.
  Time since last request: 146.237380 seconds.
  path: Assets/NewScene.unity
  artifactKey: Guid(7cd33aee4c242cf4abf69c61f20389d8) Importer(815301076,1909f56bfc062723c751e8b465ee728b)
Start importing Assets/NewScene.unity using Guid(7cd33aee4c242cf4abf69c61f20389d8) Importer(815301076,1909f56bfc062723c751e8b465ee728b)  -> (artifact id: 'dc0020dcc6c007776400a63834739a96') in 0.006453 seconds 
  Import took 0.010229 seconds .

========================================================================
Received Import Request.
  Time since last request: 34.033641 seconds.
  path: Assets/7911146d8a0a493904467873466868ae.png
  artifactKey: Guid(a7d4ee9ac996eb4449154c9aeac9ed93) Importer(815301076,1909f56bfc062723c751e8b465ee728b)
Start importing Assets/7911146d8a0a493904467873466868ae.png using Guid(a7d4ee9ac996eb4449154c9aeac9ed93) Importer(815301076,1909f56bfc062723c751e8b465ee728b)  -> (artifact id: 'a110556861633de09bb139fa1a9d2d84') in 0.018302 seconds 
  Import took 0.022709 seconds .

========================================================================
Received Import Request.
  Time since last request: 509.199516 seconds.
  path: Assets/7911146d8a0a493904467873466868ae.png
  artifactKey: Guid(a7d4ee9ac996eb4449154c9aeac9ed93) Importer(815301076,1909f56bfc062723c751e8b465ee728b)
Start importing Assets/7911146d8a0a493904467873466868ae.png using Guid(a7d4ee9ac996eb4449154c9aeac9ed93) Importer(815301076,1909f56bfc062723c751e8b465ee728b)  -> (artifact id: '809a15d1b663800249c653b460da00e9') in 0.029835 seconds 
  Import took 0.034371 seconds .

========================================================================
Received Import Request.
  Time since last request: 6.740868 seconds.
  path: Assets/7911146d8a0a493904467873466868ae.png
  artifactKey: Guid(a7d4ee9ac996eb4449154c9aeac9ed93) Importer(815301076,1909f56bfc062723c751e8b465ee728b)
Start importing Assets/7911146d8a0a493904467873466868ae.png using Guid(a7d4ee9ac996eb4449154c9aeac9ed93) Importer(815301076,1909f56bfc062723c751e8b465ee728b)  -> (artifact id: '352f99ef5640b0c6543d3979a45130b6') in 0.015821 seconds 
  Import took 0.020305 seconds .

========================================================================
Received Import Request.
  Time since last request: 24.881419 seconds.
  path: Assets/7911146d8a0a493904467873466868ae.png
  artifactKey: Guid(a7d4ee9ac996eb4449154c9aeac9ed93) Importer(815301076,1909f56bfc062723c751e8b465ee728b)
Start importing Assets/7911146d8a0a493904467873466868ae.png using Guid(a7d4ee9ac996eb4449154c9aeac9ed93) Importer(815301076,1909f56bfc062723c751e8b465ee728b)  -> (artifact id: 'd0f3123086de64ced03c59472e4cc307') in 0.018743 seconds 
  Import took 0.023039 seconds .

========================================================================
Received Import Request.
  Time since last request: 6.362933 seconds.
  path: Assets/7911146d8a0a493904467873466868ae.png
  artifactKey: Guid(a7d4ee9ac996eb4449154c9aeac9ed93) Importer(815301076,1909f56bfc062723c751e8b465ee728b)
Start importing Assets/7911146d8a0a493904467873466868ae.png using Guid(a7d4ee9ac996eb4449154c9aeac9ed93) Importer(815301076,1909f56bfc062723c751e8b465ee728b)  -> (artifact id: 'd25425ae344e53df54dbad9b56c252fa') in 0.019537 seconds 
  Import took 0.023435 seconds .

========================================================================
Received Import Request.
  Time since last request: 419.433178 seconds.
  path: Assets/7911146d8a0a493904467873466868ae.png
  artifactKey: Guid(a7d4ee9ac996eb4449154c9aeac9ed93) Importer(815301076,1909f56bfc062723c751e8b465ee728b)
Start importing Assets/7911146d8a0a493904467873466868ae.png using Guid(a7d4ee9ac996eb4449154c9aeac9ed93) Importer(815301076,1909f56bfc062723c751e8b465ee728b)  -> (artifact id: '582b7ea3bb94a0029021b63e543bdc8a') in 0.020334 seconds 
  Import took 0.024399 seconds .

========================================================================
Received Import Request.
  Time since last request: 3.890755 seconds.
  path: Assets/7911146d8a0a493904467873466868ae.png
  artifactKey: Guid(a7d4ee9ac996eb4449154c9aeac9ed93) Importer(815301076,1909f56bfc062723c751e8b465ee728b)
Start importing Assets/7911146d8a0a493904467873466868ae.png using Guid(a7d4ee9ac996eb4449154c9aeac9ed93) Importer(815301076,1909f56bfc062723c751e8b465ee728b)  -> (artifact id: '2fe9765e2b158b1bf98607a5e8f6285d') in 0.016952 seconds 
  Import took 0.021947 seconds .

========================================================================
Received Import Request.
  Time since last request: 30.678328 seconds.
  path: Assets/7911146d8a0a493904467873466868ae.png
  artifactKey: Guid(a7d4ee9ac996eb4449154c9aeac9ed93) Importer(815301076,1909f56bfc062723c751e8b465ee728b)
Start importing Assets/7911146d8a0a493904467873466868ae.png using Guid(a7d4ee9ac996eb4449154c9aeac9ed93) Importer(815301076,1909f56bfc062723c751e8b465ee728b)  -> (artifact id: '61febf4be24d41f54ce4c532f79dab9c') in 0.151194 seconds 
  Import took 0.155230 seconds .

========================================================================
Received Prepare
Registering precompiled user dll's ...
Registered in 0.002959 seconds.
Begin MonoManager ReloadAssembly
Native extension for WindowsStandalone target not found
Native extension for WebGL target not found
Refreshing native plugins compatible for Editor in 0.64 ms, found 3 plugins.
Preloading 0 native plugins for Editor in 0.00 ms.
Mono: successfully reloaded assembly
- Completed reload, in  0.928 seconds
Domain Reload Profiling:
	ReloadAssembly (928ms)
		BeginReloadAssembly (100ms)
			ExecutionOrderSort (0ms)
			DisableScriptedObjects (6ms)
			BackupInstance (0ms)
			ReleaseScriptingObjects (0ms)
			CreateAndSetChildDomain (34ms)
		EndReloadAssembly (773ms)
			LoadAssemblies (78ms)
			RebuildTransferFunctionScriptingTraits (0ms)
			SetupTypeCache (272ms)
			ReleaseScriptCaches (1ms)
			RebuildScriptCaches (48ms)
			SetupLoadedEditorAssemblies (273ms)
				LogAssemblyErrors (0ms)
				InitializePlatformSupportModulesInManaged (6ms)
				SetLoadedEditorAssemblies (0ms)
				RefreshPlugins (1ms)
				BeforeProcessingInitializeOnLoad (55ms)
				ProcessInitializeOnLoadAttributes (202ms)
				ProcessInitializeOnLoadMethodAttributes (4ms)
				AfterProcessingInitializeOnLoad (5ms)
				EditorAssembliesLoaded (0ms)
			ExecutionOrderSort2 (0ms)
			AwakeInstancesAfterBackupRestoration (10ms)
Platform modules already initialized, skipping
Refreshing native plugins compatible for Editor in 0.69 ms, found 3 plugins.
Preloading 0 native plugins for Editor in 0.00 ms.
Unloading 2506 Unused Serialized files (Serialized files now loaded: 0)
System memory in use before: 117.3 MB.
System memory in use after: 117.5 MB.

Unloading 15 unused Assets to reduce memory usage. Loaded Objects now: 3111.
Total: 2.801800 ms (FindLiveObjects: 0.232300 ms CreateObjectMapping: 0.100600 ms MarkObjects: 2.451200 ms  DeleteObjects: 0.016800 ms)

AssetImportParameters requested are different than current active one (requested -> active):
  custom:framework-win-MediaFoundation: 216162199b28c13a410421893ffa2e32 -> 
  custom:video-decoder-ogg-theora: a1e56fd34408186e4bbccfd4996cb3dc -> 
  custom:container-muxer-webm: aa71ff27fc2769a1b78a27578f13a17b -> 
  custom:container-demuxer-webm: 4f35f7cbe854078d1ac9338744f61a02 -> 
  custom:container-demuxer-ogg: 62fdf1f143b41e24485cea50d1cbac27 -> 
  custom:video-encoder-webm-vp8: eb34c28f22e8b96e1ab97ce403110664 -> 
  custom:video-decoder-webm-vp8: 9c59270c3fd7afecdb556c50c9e8de78 -> 
  custom:audio-decoder-ogg-vorbis: bf7c407c2cedff20999df2af8eb42d56 -> 
  custom:audio-encoder-webm-vorbis: bf7c407c2cedff20999df2af8eb42d56 -> 
========================================================================
Received Prepare
Registering precompiled user dll's ...
Registered in 0.002274 seconds.
Begin MonoManager ReloadAssembly
Native extension for WindowsStandalone target not found
Native extension for WebGL target not found
Refreshing native plugins compatible for Editor in 0.60 ms, found 3 plugins.
Preloading 0 native plugins for Editor in 0.00 ms.
Mono: successfully reloaded assembly
- Completed reload, in  0.818 seconds
Domain Reload Profiling:
	ReloadAssembly (818ms)
		BeginReloadAssembly (92ms)
			ExecutionOrderSort (0ms)
			DisableScriptedObjects (5ms)
			BackupInstance (0ms)
			ReleaseScriptingObjects (0ms)
			CreateAndSetChildDomain (28ms)
		EndReloadAssembly (674ms)
			LoadAssemblies (69ms)
			RebuildTransferFunctionScriptingTraits (0ms)
			SetupTypeCache (234ms)
			ReleaseScriptCaches (1ms)
			RebuildScriptCaches (39ms)
			SetupLoadedEditorAssemblies (242ms)
				LogAssemblyErrors (0ms)
				InitializePlatformSupportModulesInManaged (5ms)
				SetLoadedEditorAssemblies (0ms)
				RefreshPlugins (1ms)
				BeforeProcessingInitializeOnLoad (49ms)
				ProcessInitializeOnLoadAttributes (177ms)
				ProcessInitializeOnLoadMethodAttributes (5ms)
				AfterProcessingInitializeOnLoad (5ms)
				EditorAssembliesLoaded (0ms)
			ExecutionOrderSort2 (0ms)
			AwakeInstancesAfterBackupRestoration (9ms)
Platform modules already initialized, skipping
Refreshing native plugins compatible for Editor in 0.64 ms, found 3 plugins.
Preloading 0 native plugins for Editor in 0.00 ms.
Unloading 2506 Unused Serialized files (Serialized files now loaded: 0)
System memory in use before: 117.3 MB.
System memory in use after: 117.6 MB.

Unloading 15 unused Assets to reduce memory usage. Loaded Objects now: 3114.
Total: 2.738200 ms (FindLiveObjects: 0.288300 ms CreateObjectMapping: 0.114200 ms MarkObjects: 2.323400 ms  DeleteObjects: 0.011600 ms)

AssetImportParameters requested are different than current active one (requested -> active):
  custom:framework-win-MediaFoundation: 216162199b28c13a410421893ffa2e32 -> 
  custom:video-decoder-ogg-theora: a1e56fd34408186e4bbccfd4996cb3dc -> 
  custom:container-muxer-webm: aa71ff27fc2769a1b78a27578f13a17b -> 
  custom:container-demuxer-webm: 4f35f7cbe854078d1ac9338744f61a02 -> 
  custom:container-demuxer-ogg: 62fdf1f143b41e24485cea50d1cbac27 -> 
  custom:video-encoder-webm-vp8: eb34c28f22e8b96e1ab97ce403110664 -> 
  custom:video-decoder-webm-vp8: 9c59270c3fd7afecdb556c50c9e8de78 -> 
  custom:audio-decoder-ogg-vorbis: bf7c407c2cedff20999df2af8eb42d56 -> 
  custom:audio-encoder-webm-vorbis: bf7c407c2cedff20999df2af8eb42d56 -> 
AssetImportWorkerClient::OnTransportError - code=2 error=End of file
